<?xml version="1.0" encoding="UTF-8"?>
<coverage generated="1522917081825" clover="3.2.0">
  <project timestamp="1522917081825" name="All files">
    <metrics statements="21" coveredstatements="18" conditionals="4" coveredconditionals="1" methods="5" coveredmethods="4" elements="30" coveredelements="23" complexity="0" loc="21" ncloc="21" packages="1" files="1" classes="1">
      <file name="index.js" path="D:\GitHub\project-lvl2-s233\src\index.js">
        <metrics statements="21" coveredstatements="18" conditionals="4" coveredconditionals="1" methods="5" coveredmethods="4"/>
        <line num="1" count="1" type="stmt"/>
        <line num="2" count="1" type="stmt"/>
        <line num="4" count="1" type="stmt"/>
        <line num="5" count="0" type="cond" truecount="0" falsecount="2"/>
        <line num="6" count="0" type="stmt"/>
        <line num="8" count="0" type="stmt"/>
        <line num="11" count="1" type="stmt"/>
        <line num="12" count="1" type="stmt"/>
        <line num="13" count="1" type="stmt"/>
        <line num="14" count="1" type="stmt"/>
        <line num="15" count="1" type="stmt"/>
        <line num="17" count="1" type="stmt"/>
        <line num="19" count="3" type="cond" truecount="1" falsecount="1"/>
        <line num="21" count="1" type="stmt"/>
        <line num="23" count="3" type="stmt"/>
        <line num="24" count="3" type="stmt"/>
        <line num="27" count="1" type="stmt"/>
        <line num="29" count="1" type="stmt"/>
        <line num="30" count="1" type="stmt"/>
        <line num="31" count="1" type="stmt"/>
        <line num="32" count="1" type="stmt"/>
      </file>
    </metrics>
  </project>
</coverage>
