<?xml version="1.0" encoding="UTF-8"?>
<coverage generated="1522919014382" clover="3.2.0">
  <project timestamp="1522919014382" name="All files">
    <metrics statements="19" coveredstatements="19" conditionals="4" coveredconditionals="3" methods="5" coveredmethods="5" elements="28" coveredelements="27" complexity="0" loc="19" ncloc="19" packages="1" files="1" classes="1">
      <file name="index.js" path="D:\GitHub\project-lvl2-s233\src\index.js">
        <metrics statements="19" coveredstatements="19" conditionals="4" coveredconditionals="3" methods="5" coveredmethods="5"/>
        <line num="4" count="1" type="stmt"/>
        <line num="5" count="2" type="cond" truecount="2" falsecount="0"/>
        <line num="6" count="1" type="stmt"/>
        <line num="8" count="1" type="stmt"/>
        <line num="12" count="1" type="stmt"/>
        <line num="13" count="1" type="stmt"/>
        <line num="14" count="1" type="stmt"/>
        <line num="15" count="1" type="stmt"/>
        <line num="16" count="1" type="stmt"/>
        <line num="18" count="1" type="stmt"/>
        <line num="20" count="3" type="cond" truecount="1" falsecount="1"/>
        <line num="22" count="1" type="stmt"/>
        <line num="24" count="3" type="stmt"/>
        <line num="25" count="3" type="stmt"/>
        <line num="28" count="1" type="stmt"/>
        <line num="30" count="1" type="stmt"/>
        <line num="31" count="1" type="stmt"/>
        <line num="32" count="1" type="stmt"/>
        <line num="33" count="1" type="stmt"/>
      </file>
    </metrics>
  </project>
</coverage>
