{"D:\\GitHub\\project-lvl2-s233\\src\\index.js": {"path":"D:\\GitHub\\project-lvl2-s233\\src\\index.js","statementMap":{"0":{"start":{"line":4,"column":28},"end":{"line":9,"column":1}},"1":{"start":{"line":5,"column":2},"end":{"line":7,"column":3}},"2":{"start":{"line":6,"column":4},"end":{"line":6,"column":40}},"3":{"start":{"line":8,"column":2},"end":{"line":8,"column":66}},"4":{"start":{"line":12,"column":16},"end":{"line":34,"column":1}},"5":{"start":{"line":13,"column":23},"end":{"line":13,"column":51}},"6":{"start":{"line":14,"column":23},"end":{"line":14,"column":51}},"7":{"start":{"line":15,"column":15},"end":{"line":15,"column":39}},"8":{"start":{"line":16,"column":15},"end":{"line":16,"column":39}},"9":{"start":{"line":18,"column":16},"end":{"line":20,"column":117}},"10":{"start":{"line":20,"column":24},"end":{"line":20,"column":107}},"11":{"start":{"line":22,"column":23},"end":{"line":26,"column":16}},"12":{"start":{"line":24,"column":17},"end":{"line":24,"column":34}},"13":{"start":{"line":25,"column":14},"end":{"line":25,"column":38}},"14":{"start":{"line":28,"column":17},"end":{"line":28,"column":52}},"15":{"start":{"line":30,"column":2},"end":{"line":30,"column":31}},"16":{"start":{"line":31,"column":2},"end":{"line":31,"column":31}},"17":{"start":{"line":32,"column":2},"end":{"line":32,"column":22}},"18":{"start":{"line":33,"column":2},"end":{"line":33,"column":16}}},"fnMap":{"0":{"name":"(anonymous_0)","decl":{"start":{"line":4,"column":28},"end":{"line":4,"column":29}},"loc":{"start":{"line":4,"column":49},"end":{"line":9,"column":1}},"line":4},"1":{"name":"(anonymous_1)","decl":{"start":{"line":12,"column":16},"end":{"line":12,"column":17}},"loc":{"start":{"line":12,"column":46},"end":{"line":34,"column":1}},"line":12},"2":{"name":"(anonymous_2)","decl":{"start":{"line":20,"column":12},"end":{"line":20,"column":13}},"loc":{"start":{"line":20,"column":24},"end":{"line":20,"column":107}},"line":20},"3":{"name":"(anonymous_3)","decl":{"start":{"line":24,"column":12},"end":{"line":24,"column":13}},"loc":{"start":{"line":24,"column":17},"end":{"line":24,"column":34}},"line":24},"4":{"name":"(anonymous_4)","decl":{"start":{"line":25,"column":9},"end":{"line":25,"column":10}},"loc":{"start":{"line":25,"column":14},"end":{"line":25,"column":38}},"line":25}},"branchMap":{"0":{"loc":{"start":{"line":5,"column":2},"end":{"line":7,"column":3}},"type":"if","locations":[{"start":{"line":5,"column":2},"end":{"line":7,"column":3}},{"start":{"line":5,"column":2},"end":{"line":7,"column":3}}],"line":5},"1":{"loc":{"start":{"line":20,"column":34},"end":{"line":20,"column":105}},"type":"cond-expr","locations":[{"start":{"line":20,"column":51},"end":{"line":20,"column":78}},{"start":{"line":20,"column":81},"end":{"line":20,"column":105}}],"line":20}},"s":{"0":1,"1":2,"2":1,"3":1,"4":1,"5":1,"6":1,"7":1,"8":1,"9":1,"10":3,"11":1,"12":3,"13":3,"14":1,"15":1,"16":1,"17":1,"18":1},"f":{"0":2,"1":1,"2":3,"3":3,"4":3},"b":{"0":[1,1],"1":[0,3]},"_coverageSchema":"332fd63041d2c1bcb487cc26dd0d5f7d97098a6c","hash":"20ea4a3bb69b67a51c49eacce2f0692fd091fa11"}
}
