{"D:\\GitHub\\project-lvl2-s233\\src\\index.js": {"path":"D:\\GitHub\\project-lvl2-s233\\src\\index.js","statementMap":{"0":{"start":{"line":1,"column":0},"end":{"line":null,"column":-1}},"1":{"start":{"line":2,"column":0},"end":{"line":null,"column":-1}},"2":{"start":{"line":4,"column":21},"end":{"line":4,"column":0}},"3":{"start":{"line":5,"column":2},"end":{"line":7,"column":3}},"4":{"start":{"line":6,"column":4},"end":{"line":null,"column":-1}},"5":{"start":{"line":8,"column":2},"end":{"line":null,"column":-1}},"6":{"start":{"line":11,"column":16},"end":{"line":11,"column":0}},"7":{"start":{"line":12,"column":23},"end":{"line":12,"column":2}},"8":{"start":{"line":13,"column":23},"end":{"line":13,"column":2}},"9":{"start":{"line":14,"column":15},"end":{"line":14,"column":2}},"10":{"start":{"line":15,"column":15},"end":{"line":15,"column":2}},"11":{"start":{"line":17,"column":16},"end":{"line":17,"column":2}},"12":{"start":{"line":19,"column":12},"end":{"line":null,"column":-1}},"13":{"start":{"line":21,"column":23},"end":{"line":21,"column":2}},"14":{"start":{"line":23,"column":12},"end":{"line":null,"column":-1}},"15":{"start":{"line":24,"column":9},"end":{"line":null,"column":-1}},"16":{"start":{"line":27,"column":17},"end":{"line":27,"column":2}},"17":{"start":{"line":29,"column":2},"end":{"line":null,"column":-1}},"18":{"start":{"line":30,"column":2},"end":{"line":null,"column":-1}},"19":{"start":{"line":31,"column":2},"end":{"line":null,"column":-1}},"20":{"start":{"line":32,"column":2},"end":{"line":null,"column":-1}}},"fnMap":{"0":{"name":"getDiffOfVal","decl":{"start":{"line":4,"column":6},"end":{"line":4,"column":21}},"loc":{"start":{"line":4,"column":42},"end":{"line":4,"column":0}}},"1":{"name":"genDiff","decl":{"start":{"line":11,"column":6},"end":{"line":11,"column":16}},"loc":{"start":{"line":11,"column":46},"end":{"line":11,"column":0}}},"2":{"name":"(anonymous_4)","decl":{"start":{"line":19,"column":12},"end":{"line":19,"column":12}},"loc":{"start":{"line":19,"column":12},"end":{"line":17,"column":16}}},"3":{"name":"(anonymous_5)","decl":{"start":{"line":23,"column":12},"end":{"line":null,"column":-1}},"loc":{"start":{"line":23,"column":12},"end":{"line":21,"column":23}}},"4":{"name":"(anonymous_6)","decl":{"start":{"line":24,"column":9},"end":{"line":null,"column":-1}},"loc":{"start":{"line":24,"column":9},"end":{"line":21,"column":23}}}},"branchMap":{"0":{"loc":{"start":{"line":5,"column":2},"end":{"line":7,"column":3}},"type":"if","locations":[{"start":{"line":5,"column":2},"end":{"line":7,"column":3}},{"start":{"line":5,"column":2},"end":{"line":7,"column":3}}]},"1":{"loc":{"start":{"line":19,"column":51},"end":{"line":19,"column":34}},"type":"cond-expr","locations":[{"start":{"line":19,"column":51},"end":{"line":19,"column":34}},{"start":{"line":19,"column":34},"end":{"line":19,"column":12}}]}},"s":{"0":1,"1":1,"2":1,"3":0,"4":0,"5":0,"6":1,"7":1,"8":1,"9":1,"10":1,"11":1,"12":3,"13":1,"14":3,"15":3,"16":1,"17":1,"18":1,"19":1,"20":1},"f":{"0":0,"1":1,"2":3,"3":3,"4":3},"b":{"0":[0,0],"1":[0,3]}}
}
