TN:
SF:D:\GitHub\project-lvl2-s233\src\index.js
FN:4,(anonymous_0)
FN:12,(anonymous_1)
FN:20,(anonymous_2)
FN:24,(anonymous_3)
FN:25,(anonymous_4)
FNF:5
FNH:5
FNDA:2,(anonymous_0)
FNDA:1,(anonymous_1)
FNDA:3,(anonymous_2)
FNDA:3,(anonymous_3)
FNDA:3,(anonymous_4)
DA:4,1
DA:5,2
DA:6,1
DA:8,1
DA:12,1
DA:13,1
DA:14,1
DA:15,1
DA:16,1
DA:18,1
DA:20,3
DA:22,1
DA:24,3
DA:25,3
DA:28,1
DA:30,1
DA:31,1
DA:32,1
DA:33,1
LF:19
LH:19
BRDA:5,0,0,1
BRDA:5,0,1,1
BRDA:20,1,0,0
BRDA:20,1,1,3
BRF:4
BRH:3
end_of_record
