TN:
SF:D:\GitHub\project-lvl2-s233\src\index.js
FN:4,getDiffOfVal
FN:11,genDiff
FN:19,(anonymous_4)
FN:23,(anonymous_5)
FN:24,(anonymous_6)
FNF:5
FNH:4
FNDA:0,getDiffOfVal
FNDA:1,genDiff
FNDA:3,(anonymous_4)
FNDA:3,(anonymous_5)
FNDA:3,(anonymous_6)
DA:1,1
DA:2,1
DA:4,1
DA:5,0
DA:6,0
DA:8,0
DA:11,1
DA:12,1
DA:13,1
DA:14,1
DA:15,1
DA:17,1
DA:19,3
DA:21,1
DA:23,3
DA:24,3
DA:27,1
DA:29,1
DA:30,1
DA:31,1
DA:32,1
LF:21
LH:18
BRDA:5,0,0,0
BRDA:5,0,1,0
BRDA:19,1,0,0
BRDA:19,1,1,3
BRF:4
BRH:1
end_of_record
